# JRE version: OpenJDK Runtime Environment (21.0.5) (build 21.0.5+-12932927-b750.29)
# Java VM: OpenJDK 64-Bit Server VM (21.0.5+-12932927-b750.29, mixed mode, tiered, compressed oops, compressed class ptrs, g1 gc, windows-amd64)
GC Precious Log:
 CardTable entry size: 512
 Card Set container configuration: InlinePtr #cards 5 size 8 Array Of Cards #cards 12 size 40 Howl #buckets 4 coarsen threshold 1843 Howl Bitmap #cards 512 size 80 coarsen threshold 460 Card regions per heap region 1 cards per card region 2048
 CPUs: 4 total, 4 available
 Memory: 7914M
 Large Page Support: Disabled
 NUMA Support: Disabled
 Compressed Oops: Enabled (32-bit)
 Heap Region Size: 1M
 Heap Min Capacity: 8M
 Heap Initial Capacity: 124M
 Heap Max Capacity: 2G
 Pre-touch: Disabled
 Parallel Workers: 4
 Concurrent Workers: 1
 Concurrent Refinement Workers: 4
 Periodic GC: Disabled
Heap:
 garbage-first heap   total 187392K, used 145237K [0x0000000080000000, 0x0000000100000000)
  region size 1024K, 55 young (56320K), 6 survivors (6144K)
 Metaspace       used 109727K, committed 111872K, reserved 1179648K
  class space    used 14952K, committed 16000K, reserved 1048576K
GC Heap History (20 events):
Event: 32.814 GC heap before
{Heap before GC invocations=32 (full 0):
 garbage-first heap   total 121856K, used 109709K [0x0000000080000000, 0x0000000100000000)
  region size 1024K, 39 young (39936K), 1 survivors (1024K)
 Metaspace       used 75825K, committed 77568K, reserved 1179648K
  class space    used 10070K, committed 10944K, reserved 1048576K
}
Event: 32.821 GC heap after
{Heap after GC invocations=33 (full 0):
 garbage-first heap   total 146432K, used 72055K [0x0000000080000000, 0x0000000100000000)
  region size 1024K, 2 young (2048K), 2 survivors (2048K)
 Metaspace       used 75825K, committed 77568K, reserved 1179648K
  class space    used 10070K, committed 10944K, reserved 1048576K
}
Event: 33.508 GC heap before
{Heap before GC invocations=33 (full 0):
 garbage-first heap   total 146432K, used 98679K [0x0000000080000000, 0x0000000100000000)
  region size 1024K, 29 young (29696K), 2 survivors (2048K)
 Metaspace       used 79400K, committed 81216K, reserved 1179648K
  class space    used 10590K, committed 11520K, reserved 1048576K
}
Event: 33.513 GC heap after
{Heap after GC invocations=34 (full 0):
 garbage-first heap   total 146432K, used 74472K [0x0000000080000000, 0x0000000100000000)
  region size 1024K, 5 young (5120K), 5 survivors (5120K)
 Metaspace       used 79400K, committed 81216K, reserved 1179648K
  class space    used 10590K, committed 11520K, reserved 1048576K
}
Event: 35.016 GC heap before
{Heap before GC invocations=35 (full 0):
 garbage-first heap   total 146432K, used 136936K [0x0000000080000000, 0x0000000100000000)
  region size 1024K, 61 young (62464K), 5 survivors (5120K)
 Metaspace       used 82920K, committed 84800K, reserved 1179648K
  class space    used 11052K, committed 12032K, reserved 1048576K
}
Event: 35.026 GC heap after
{Heap after GC invocations=36 (full 0):
 garbage-first heap   total 146432K, used 79800K [0x0000000080000000, 0x0000000100000000)
  region size 1024K, 8 young (8192K), 8 survivors (8192K)
 Metaspace       used 82920K, committed 84800K, reserved 1179648K
  class space    used 11052K, committed 12032K, reserved 1048576K
}
Event: 36.136 GC heap before
{Heap before GC invocations=36 (full 0):
 garbage-first heap   total 146432K, used 129976K [0x0000000080000000, 0x0000000100000000)
  region size 1024K, 57 young (58368K), 8 survivors (8192K)
 Metaspace       used 88118K, committed 89984K, reserved 1179648K
  class space    used 11726K, committed 12672K, reserved 1048576K
}
Event: 36.147 GC heap after
{Heap after GC invocations=37 (full 0):
 garbage-first heap   total 146432K, used 82871K [0x0000000080000000, 0x0000000100000000)
  region size 1024K, 4 young (4096K), 4 survivors (4096K)
 Metaspace       used 88118K, committed 89984K, reserved 1179648K
  class space    used 11726K, committed 12672K, reserved 1048576K
}
Event: 36.460 GC heap before
{Heap before GC invocations=37 (full 0):
 garbage-first heap   total 146432K, used 106423K [0x0000000080000000, 0x0000000100000000)
  region size 1024K, 28 young (28672K), 4 survivors (4096K)
 Metaspace       used 89812K, committed 91648K, reserved 1179648K
  class space    used 11950K, committed 12864K, reserved 1048576K
}
Event: 36.465 GC heap after
{Heap after GC invocations=38 (full 0):
 garbage-first heap   total 146432K, used 82711K [0x0000000080000000, 0x0000000100000000)
  region size 1024K, 4 young (4096K), 4 survivors (4096K)
 Metaspace       used 89812K, committed 91648K, reserved 1179648K
  class space    used 11950K, committed 12864K, reserved 1048576K
}
Event: 37.393 GC heap before
{Heap before GC invocations=39 (full 0):
 garbage-first heap   total 146432K, used 135959K [0x0000000080000000, 0x0000000100000000)
  region size 1024K, 53 young (54272K), 4 survivors (4096K)
 Metaspace       used 92079K, committed 94016K, reserved 1179648K
  class space    used 12272K, committed 13248K, reserved 1048576K
}
Event: 37.404 GC heap after
{Heap after GC invocations=40 (full 0):
 garbage-first heap   total 146432K, used 90380K [0x0000000080000000, 0x0000000100000000)
  region size 1024K, 7 young (7168K), 7 survivors (7168K)
 Metaspace       used 92079K, committed 94016K, reserved 1179648K
  class space    used 12272K, committed 13248K, reserved 1048576K
}
Event: 38.218 GC heap before
{Heap before GC invocations=40 (full 0):
 garbage-first heap   total 146432K, used 130316K [0x0000000080000000, 0x0000000100000000)
  region size 1024K, 46 young (47104K), 7 survivors (7168K)
 Metaspace       used 95198K, committed 97152K, reserved 1179648K
  class space    used 12688K, committed 13632K, reserved 1048576K
}
Event: 38.229 GC heap after
{Heap after GC invocations=41 (full 0):
 garbage-first heap   total 146432K, used 92477K [0x0000000080000000, 0x0000000100000000)
  region size 1024K, 3 young (3072K), 3 survivors (3072K)
 Metaspace       used 95198K, committed 97152K, reserved 1179648K
  class space    used 12688K, committed 13632K, reserved 1048576K
}
Event: 39.181 GC heap before
{Heap before GC invocations=41 (full 0):
 garbage-first heap   total 146432K, used 134461K [0x0000000080000000, 0x0000000100000000)
  region size 1024K, 44 young (45056K), 3 survivors (3072K)
 Metaspace       used 98583K, committed 100480K, reserved 1179648K
  class space    used 13313K, committed 14272K, reserved 1048576K
}
Event: 39.186 GC heap after
{Heap after GC invocations=42 (full 0):
 garbage-first heap   total 146432K, used 92704K [0x0000000080000000, 0x0000000100000000)
  region size 1024K, 3 young (3072K), 3 survivors (3072K)
 Metaspace       used 98583K, committed 100480K, reserved 1179648K
  class space    used 13313K, committed 14272K, reserved 1048576K
}
Event: 39.909 GC heap before
{Heap before GC invocations=43 (full 0):
 garbage-first heap   total 155648K, used 133664K [0x0000000080000000, 0x0000000100000000)
  region size 1024K, 43 young (44032K), 3 survivors (3072K)
 Metaspace       used 101228K, committed 103232K, reserved 1179648K
  class space    used 13743K, committed 14720K, reserved 1048576K
}
Event: 39.916 GC heap after
{Heap after GC invocations=44 (full 0):
 garbage-first heap   total 155648K, used 94425K [0x0000000080000000, 0x0000000100000000)
  region size 1024K, 5 young (5120K), 5 survivors (5120K)
 Metaspace       used 101228K, committed 103232K, reserved 1179648K
  class space    used 13743K, committed 14720K, reserved 1048576K
}
Event: 41.240 GC heap before
{Heap before GC invocations=44 (full 0):
 garbage-first heap   total 155648K, used 140505K [0x0000000080000000, 0x0000000100000000)
  region size 1024K, 50 young (51200K), 5 survivors (5120K)
 Metaspace       used 104776K, committed 106880K, reserved 1179648K
  class space    used 14264K, committed 15296K, reserved 1048576K
}
Event: 41.251 GC heap after
{Heap after GC invocations=45 (full 0):
 garbage-first heap   total 187392K, used 96085K [0x0000000080000000, 0x0000000100000000)
  region size 1024K, 6 young (6144K), 6 survivors (6144K)
 Metaspace       used 104776K, committed 106880K, reserved 1179648K
  class space    used 14264K, committed 15296K, reserved 1048576K
}

