# JRE version: OpenJDK Runtime Environment (21.0.5) (build 21.0.5+-12932927-b750.29)
# Java VM: OpenJDK 64-Bit Server VM (21.0.5+-12932927-b750.29, mixed mode, tiered, compressed oops, compressed class ptrs, g1 gc, windows-amd64)
GC Precious Log:
 CardTable entry size: 512
 Card Set container configuration: InlinePtr #cards 5 size 8 Array Of Cards #cards 12 size 40 Howl #buckets 4 coarsen threshold 1843 Howl Bitmap #cards 512 size 80 coarsen threshold 460 Card regions per heap region 1 cards per card region 2048
 CPUs: 4 total, 4 available
 Memory: 7914M
 Large Page Support: Disabled
 NUMA Support: Disabled
 Compressed Oops: Enabled (32-bit)
 Heap Region Size: 1M
 Heap Min Capacity: 8M
 Heap Initial Capacity: 124M
 Heap Max Capacity: 2G
 Pre-touch: Disabled
 Parallel Workers: 4
 Concurrent Workers: 1
 Concurrent Refinement Workers: 4
 Periodic GC: Disabled
Heap:
 garbage-first heap   total 86016K, used 38874K [0x0000000080000000, 0x0000000100000000)
  region size 1024K, 9 young (9216K), 5 survivors (5120K)
 Metaspace       used 51479K, committed 52928K, reserved 1114112K
  class space    used 7022K, committed 7744K, reserved 1048576K
GC Heap History (20 events):
Event: 2.336 GC heap before
{Heap before GC invocations=1 (full 0):
 garbage-first heap   total 126976K, used 28928K [0x0000000080000000, 0x0000000100000000)
  region size 1024K, 27 young (27648K), 2 survivors (2048K)
 Metaspace       used 11219K, committed 11392K, reserved 1114112K
  class space    used 1167K, committed 1280K, reserved 1048576K
}
Event: 2.344 GC heap after
{Heap after GC invocations=2 (full 0):
 garbage-first heap   total 126976K, used 9877K [0x0000000080000000, 0x0000000100000000)
  region size 1024K, 4 young (4096K), 4 survivors (4096K)
 Metaspace       used 11219K, committed 11392K, reserved 1114112K
  class space    used 1167K, committed 1280K, reserved 1048576K
}
Event: 4.392 GC heap before
{Heap before GC invocations=2 (full 0):
 garbage-first heap   total 126976K, used 82581K [0x0000000080000000, 0x0000000100000000)
  region size 1024K, 74 young (75776K), 4 survivors (4096K)
 Metaspace       used 15934K, committed 16192K, reserved 1114112K
  class space    used 1767K, committed 1920K, reserved 1048576K
}
Event: 4.403 GC heap after
{Heap after GC invocations=3 (full 0):
 garbage-first heap   total 126976K, used 17587K [0x0000000080000000, 0x0000000100000000)
  region size 1024K, 10 young (10240K), 10 survivors (10240K)
 Metaspace       used 15934K, committed 16192K, reserved 1114112K
  class space    used 1767K, committed 1920K, reserved 1048576K
}
Event: 5.188 GC heap before
{Heap before GC invocations=3 (full 0):
 garbage-first heap   total 126976K, used 36019K [0x0000000080000000, 0x0000000100000000)
  region size 1024K, 29 young (29696K), 10 survivors (10240K)
 Metaspace       used 21201K, committed 21504K, reserved 1114112K
  class space    used 2443K, committed 2624K, reserved 1048576K
}
Event: 5.201 GC heap after
{Heap after GC invocations=4 (full 0):
 garbage-first heap   total 126976K, used 20129K [0x0000000080000000, 0x0000000100000000)
  region size 1024K, 3 young (3072K), 3 survivors (3072K)
 Metaspace       used 21201K, committed 21504K, reserved 1114112K
  class space    used 2443K, committed 2624K, reserved 1048576K
}
Event: 7.057 GC heap before
{Heap before GC invocations=5 (full 0):
 garbage-first heap   total 71680K, used 60065K [0x0000000080000000, 0x0000000100000000)
  region size 1024K, 42 young (43008K), 3 survivors (3072K)
 Metaspace       used 27889K, committed 28480K, reserved 1114112K
  class space    used 3485K, committed 3776K, reserved 1048576K
}
Event: 7.077 GC heap after
{Heap after GC invocations=6 (full 0):
 garbage-first heap   total 71680K, used 21626K [0x0000000080000000, 0x0000000100000000)
  region size 1024K, 4 young (4096K), 4 survivors (4096K)
 Metaspace       used 27889K, committed 28480K, reserved 1114112K
  class space    used 3485K, committed 3776K, reserved 1048576K
}
Event: 8.322 GC heap before
{Heap before GC invocations=6 (full 0):
 garbage-first heap   total 71680K, used 56442K [0x0000000080000000, 0x0000000100000000)
  region size 1024K, 39 young (39936K), 4 survivors (4096K)
 Metaspace       used 32699K, committed 33472K, reserved 1114112K
  class space    used 4308K, committed 4672K, reserved 1048576K
}
Event: 8.330 GC heap after
{Heap after GC invocations=7 (full 0):
 garbage-first heap   total 71680K, used 24461K [0x0000000080000000, 0x0000000100000000)
  region size 1024K, 5 young (5120K), 5 survivors (5120K)
 Metaspace       used 32699K, committed 33472K, reserved 1114112K
  class space    used 4308K, committed 4672K, reserved 1048576K
}
Event: 8.642 GC heap before
{Heap before GC invocations=7 (full 0):
 garbage-first heap   total 71680K, used 40845K [0x0000000080000000, 0x0000000100000000)
  region size 1024K, 22 young (22528K), 5 survivors (5120K)
 Metaspace       used 35124K, committed 35968K, reserved 1114112K
  class space    used 4698K, committed 5120K, reserved 1048576K
}
Event: 8.649 GC heap after
{Heap after GC invocations=8 (full 0):
 garbage-first heap   total 71680K, used 25518K [0x0000000080000000, 0x0000000100000000)
  region size 1024K, 4 young (4096K), 4 survivors (4096K)
 Metaspace       used 35124K, committed 35968K, reserved 1114112K
  class space    used 4698K, committed 5120K, reserved 1048576K
}
Event: 9.340 GC heap before
{Heap before GC invocations=9 (full 0):
 garbage-first heap   total 71680K, used 60334K [0x0000000080000000, 0x0000000100000000)
  region size 1024K, 38 young (38912K), 4 survivors (4096K)
 Metaspace       used 39533K, committed 40704K, reserved 1114112K
  class space    used 5426K, committed 6016K, reserved 1048576K
}
Event: 9.347 GC heap after
{Heap after GC invocations=10 (full 0):
 garbage-first heap   total 71680K, used 27511K [0x0000000080000000, 0x0000000100000000)
  region size 1024K, 3 young (3072K), 3 survivors (3072K)
 Metaspace       used 39533K, committed 40704K, reserved 1114112K
  class space    used 5426K, committed 6016K, reserved 1048576K
}
Event: 10.056 GC heap before
{Heap before GC invocations=10 (full 0):
 garbage-first heap   total 71680K, used 61303K [0x0000000080000000, 0x0000000100000000)
  region size 1024K, 37 young (37888K), 3 survivors (3072K)
 Metaspace       used 45706K, committed 46912K, reserved 1114112K
  class space    used 6072K, committed 6656K, reserved 1048576K
}
Event: 10.066 GC heap after
{Heap after GC invocations=11 (full 0):
 garbage-first heap   total 71680K, used 31309K [0x0000000080000000, 0x0000000100000000)
  region size 1024K, 5 young (5120K), 5 survivors (5120K)
 Metaspace       used 45706K, committed 46912K, reserved 1114112K
  class space    used 6072K, committed 6656K, reserved 1048576K
}
Event: 10.483 GC heap before
{Heap before GC invocations=11 (full 0):
 garbage-first heap   total 71680K, used 61005K [0x0000000080000000, 0x0000000100000000)
  region size 1024K, 34 young (34816K), 5 survivors (5120K)
 Metaspace       used 46734K, committed 48000K, reserved 1114112K
  class space    used 6237K, committed 6848K, reserved 1048576K
}
Event: 10.492 GC heap after
{Heap after GC invocations=12 (full 0):
 garbage-first heap   total 86016K, used 33412K [0x0000000080000000, 0x0000000100000000)
  region size 1024K, 2 young (2048K), 2 survivors (2048K)
 Metaspace       used 46734K, committed 48000K, reserved 1114112K
  class space    used 6237K, committed 6848K, reserved 1048576K
}
Event: 11.427 GC heap before
{Heap before GC invocations=12 (full 0):
 garbage-first heap   total 86016K, used 74372K [0x0000000080000000, 0x0000000100000000)
  region size 1024K, 42 young (43008K), 2 survivors (2048K)
 Metaspace       used 51018K, committed 52416K, reserved 1114112K
  class space    used 6940K, committed 7616K, reserved 1048576K
}
Event: 11.433 GC heap after
{Heap after GC invocations=13 (full 0):
 garbage-first heap   total 86016K, used 35802K [0x0000000080000000, 0x0000000100000000)
  region size 1024K, 5 young (5120K), 5 survivors (5120K)
 Metaspace       used 51018K, committed 52416K, reserved 1114112K
  class space    used 6940K, committed 7616K, reserved 1048576K
}

