# JRE version: OpenJDK Runtime Environment (21.0.5) (build 21.0.5+-12932927-b750.29)
# Java VM: OpenJDK 64-Bit Server VM (21.0.5+-12932927-b750.29, mixed mode, tiered, compressed oops, compressed class ptrs, g1 gc, windows-amd64)
GC Precious Log:
 CardTable entry size: 512
 Card Set container configuration: InlinePtr #cards 5 size 8 Array Of Cards #cards 12 size 40 Howl #buckets 4 coarsen threshold 1843 Howl Bitmap #cards 512 size 80 coarsen threshold 460 Card regions per heap region 1 cards per card region 2048
 CPUs: 4 total, 4 available
 Memory: 7914M
 Large Page Support: Disabled
 NUMA Support: Disabled
 Compressed Oops: Enabled (32-bit)
 Heap Region Size: 1M
 Heap Min Capacity: 8M
 Heap Initial Capacity: 124M
 Heap Max Capacity: 2G
 Pre-touch: Disabled
 Parallel Workers: 4
 Concurrent Workers: 1
 Concurrent Refinement Workers: 4
 Periodic GC: Disabled
Heap:
 garbage-first heap   total 168960K, used 109153K [0x0000000080000000, 0x0000000100000000)
  region size 1024K, 17 young (17408K), 2 survivors (2048K)
 Metaspace       used 99815K, committed 101824K, reserved 1179648K
  class space    used 13495K, committed 14528K, reserved 1048576K
GC Heap History (20 events):
Event: 33.409 GC heap before
{Heap before GC invocations=30 (full 0):
 garbage-first heap   total 115712K, used 102531K [0x0000000080000000, 0x0000000100000000)
  region size 1024K, 34 young (34816K), 4 survivors (4096K)
 Metaspace       used 73696K, committed 75456K, reserved 1179648K
  class space    used 9864K, committed 10752K, reserved 1048576K
}
Event: 33.412 GC heap after
{Heap after GC invocations=31 (full 0):
 garbage-first heap   total 115712K, used 73594K [0x0000000080000000, 0x0000000100000000)
  region size 1024K, 1 young (1024K), 1 survivors (1024K)
 Metaspace       used 73696K, committed 75456K, reserved 1179648K
  class space    used 9864K, committed 10752K, reserved 1048576K
}
Event: 34.090 GC heap before
{Heap before GC invocations=31 (full 0):
 garbage-first heap   total 115712K, used 106362K [0x0000000080000000, 0x0000000100000000)
  region size 1024K, 33 young (33792K), 1 survivors (1024K)
 Metaspace       used 77303K, committed 79104K, reserved 1179648K
  class space    used 10312K, committed 11200K, reserved 1048576K
}
Event: 34.094 GC heap after
{Heap after GC invocations=32 (full 0):
 garbage-first heap   total 115712K, used 74675K [0x0000000080000000, 0x0000000100000000)
  region size 1024K, 2 young (2048K), 2 survivors (2048K)
 Metaspace       used 77303K, committed 79104K, reserved 1179648K
  class space    used 10312K, committed 11200K, reserved 1048576K
}
Event: 34.889 GC heap before
{Heap before GC invocations=33 (full 0):
 garbage-first heap   total 124928K, used 111539K [0x0000000080000000, 0x0000000100000000)
  region size 1024K, 33 young (33792K), 2 survivors (2048K)
 Metaspace       used 79684K, committed 81536K, reserved 1179648K
  class space    used 10659K, committed 11584K, reserved 1048576K
}
Event: 34.897 GC heap after
{Heap after GC invocations=34 (full 0):
 garbage-first heap   total 124928K, used 80073K [0x0000000080000000, 0x0000000100000000)
  region size 1024K, 5 young (5120K), 5 survivors (5120K)
 Metaspace       used 79684K, committed 81536K, reserved 1179648K
  class space    used 10659K, committed 11584K, reserved 1048576K
}
Event: 35.730 GC heap before
{Heap before GC invocations=34 (full 0):
 garbage-first heap   total 124928K, used 111817K [0x0000000080000000, 0x0000000100000000)
  region size 1024K, 36 young (36864K), 5 survivors (5120K)
 Metaspace       used 82166K, committed 83968K, reserved 1179648K
  class space    used 10957K, committed 11840K, reserved 1048576K
}
Event: 35.758 GC heap after
{Heap after GC invocations=35 (full 0):
 garbage-first heap   total 124928K, used 81180K [0x0000000080000000, 0x0000000100000000)
  region size 1024K, 2 young (2048K), 2 survivors (2048K)
 Metaspace       used 82166K, committed 83968K, reserved 1179648K
  class space    used 10957K, committed 11840K, reserved 1048576K
}
Event: 36.758 GC heap before
{Heap before GC invocations=35 (full 0):
 garbage-first heap   total 124928K, used 113948K [0x0000000080000000, 0x0000000100000000)
  region size 1024K, 34 young (34816K), 2 survivors (2048K)
 Metaspace       used 85525K, committed 87360K, reserved 1179648K
  class space    used 11381K, committed 12288K, reserved 1048576K
}
Event: 36.768 GC heap after
{Heap after GC invocations=36 (full 0):
 garbage-first heap   total 124928K, used 82351K [0x0000000080000000, 0x0000000100000000)
  region size 1024K, 4 young (4096K), 4 survivors (4096K)
 Metaspace       used 85525K, committed 87360K, reserved 1179648K
  class space    used 11381K, committed 12288K, reserved 1048576K
}
Event: 37.805 GC heap before
{Heap before GC invocations=37 (full 0):
 garbage-first heap   total 140288K, used 111023K [0x0000000080000000, 0x0000000100000000)
  region size 1024K, 32 young (32768K), 4 survivors (4096K)
 Metaspace       used 88235K, committed 90048K, reserved 1179648K
  class space    used 11742K, committed 12672K, reserved 1048576K
}
Event: 37.817 GC heap after
{Heap after GC invocations=38 (full 0):
 garbage-first heap   total 140288K, used 84230K [0x0000000080000000, 0x0000000100000000)
  region size 1024K, 4 young (4096K), 4 survivors (4096K)
 Metaspace       used 88235K, committed 90048K, reserved 1179648K
  class space    used 11742K, committed 12672K, reserved 1048576K
}
Event: 39.125 GC heap before
{Heap before GC invocations=38 (full 0):
 garbage-first heap   total 140288K, used 128262K [0x0000000080000000, 0x0000000100000000)
  region size 1024K, 45 young (46080K), 4 survivors (4096K)
 Metaspace       used 90990K, committed 92928K, reserved 1179648K
  class space    used 12133K, committed 13120K, reserved 1048576K
}
Event: 39.144 GC heap after
{Heap after GC invocations=39 (full 0):
 garbage-first heap   total 168960K, used 88074K [0x0000000080000000, 0x0000000100000000)
  region size 1024K, 5 young (5120K), 5 survivors (5120K)
 Metaspace       used 90990K, committed 92928K, reserved 1179648K
  class space    used 12133K, committed 13120K, reserved 1048576K
}
Event: 40.609 GC heap before
{Heap before GC invocations=39 (full 0):
 garbage-first heap   total 168960K, used 149514K [0x0000000080000000, 0x0000000100000000)
  region size 1024K, 66 young (67584K), 5 survivors (5120K)
 Metaspace       used 94635K, committed 96640K, reserved 1179648K
  class space    used 12622K, committed 13632K, reserved 1048576K
}
Event: 40.632 GC heap after
{Heap after GC invocations=40 (full 0):
 garbage-first heap   total 168960K, used 93414K [0x0000000080000000, 0x0000000100000000)
  region size 1024K, 9 young (9216K), 9 survivors (9216K)
 Metaspace       used 94635K, committed 96640K, reserved 1179648K
  class space    used 12622K, committed 13632K, reserved 1048576K
}
Event: 40.647 GC heap before
{Heap before GC invocations=40 (full 0):
 garbage-first heap   total 168960K, used 93414K [0x0000000080000000, 0x0000000100000000)
  region size 1024K, 10 young (10240K), 9 survivors (9216K)
 Metaspace       used 94654K, committed 96640K, reserved 1179648K
  class space    used 12625K, committed 13632K, reserved 1048576K
}
Event: 40.665 GC heap after
{Heap after GC invocations=41 (full 0):
 garbage-first heap   total 168960K, used 94156K [0x0000000080000000, 0x0000000100000000)
  region size 1024K, 1 young (1024K), 1 survivors (1024K)
 Metaspace       used 94654K, committed 96640K, reserved 1179648K
  class space    used 12625K, committed 13632K, reserved 1048576K
}
Event: 42.507 GC heap before
{Heap before GC invocations=42 (full 0):
 garbage-first heap   total 168960K, used 146380K [0x0000000080000000, 0x0000000100000000)
  region size 1024K, 51 young (52224K), 1 survivors (1024K)
 Metaspace       used 98689K, committed 100672K, reserved 1179648K
  class space    used 13343K, committed 14336K, reserved 1048576K
}
Event: 42.519 GC heap after
{Heap after GC invocations=43 (full 0):
 garbage-first heap   total 168960K, used 94817K [0x0000000080000000, 0x0000000100000000)
  region size 1024K, 2 young (2048K), 2 survivors (2048K)
 Metaspace       used 98689K, committed 100672K, reserved 1179648K
  class space    used 13343K, committed 14336K, reserved 1048576K
}

