# JRE version: OpenJDK Runtime Environment (21.0.5) (build 21.0.5+-12932927-b750.29)
# Java VM: OpenJDK 64-Bit Server VM (21.0.5+-12932927-b750.29, mixed mode, tiered, compressed oops, compressed class ptrs, g1 gc, windows-amd64)
GC Precious Log:
 CardTable entry size: 512
 Card Set container configuration: InlinePtr #cards 5 size 8 Array Of Cards #cards 12 size 40 Howl #buckets 4 coarsen threshold 1843 Howl Bitmap #cards 512 size 80 coarsen threshold 460 Card regions per heap region 1 cards per card region 2048
 CPUs: 4 total, 4 available
 Memory: 7914M
 Large Page Support: Disabled
 NUMA Support: Disabled
 Compressed Oops: Enabled (32-bit)
 Heap Region Size: 1M
 Heap Min Capacity: 8M
 Heap Initial Capacity: 124M
 Heap Max Capacity: 2G
 Pre-touch: Disabled
 Parallel Workers: 4
 Concurrent Workers: 1
 Concurrent Refinement Workers: 4
 Periodic GC: Disabled
Heap:
 garbage-first heap   total 439296K, used 329122K [0x0000000080000000, 0x0000000100000000)
  region size 1024K, 75 young (76800K), 7 survivors (7168K)
 Metaspace       used 207965K, committed 210880K, reserved 1245184K
  class space    used 26410K, committed 27904K, reserved 1048576K
GC Heap History (20 events):
Event: 30.157 GC heap before
{Heap before GC invocations=48 (full 0):
 garbage-first heap   total 384000K, used 336217K [0x0000000080000000, 0x0000000100000000)
  region size 1024K, 120 young (122880K), 8 survivors (8192K)
 Metaspace       used 160604K, committed 163136K, reserved 1245184K
  class space    used 20471K, committed 21760K, reserved 1048576K
}
Event: 30.168 GC heap after
{Heap after GC invocations=49 (full 0):
 garbage-first heap   total 384000K, used 224502K [0x0000000080000000, 0x0000000100000000)
  region size 1024K, 11 young (11264K), 11 survivors (11264K)
 Metaspace       used 160604K, committed 163136K, reserved 1245184K
  class space    used 20471K, committed 21760K, reserved 1048576K
}
Event: 30.907 GC heap before
{Heap before GC invocations=49 (full 0):
 garbage-first heap   total 384000K, used 345334K [0x0000000080000000, 0x0000000100000000)
  region size 1024K, 127 young (130048K), 11 survivors (11264K)
 Metaspace       used 161199K, committed 163712K, reserved 1245184K
  class space    used 20503K, committed 21760K, reserved 1048576K
}
Event: 30.929 GC heap after
{Heap after GC invocations=50 (full 0):
 garbage-first heap   total 384000K, used 230334K [0x0000000080000000, 0x0000000100000000)
  region size 1024K, 16 young (16384K), 16 survivors (16384K)
 Metaspace       used 161199K, committed 163712K, reserved 1245184K
  class space    used 20503K, committed 21760K, reserved 1048576K
}
Event: 34.254 GC heap before
{Heap before GC invocations=50 (full 0):
 garbage-first heap   total 384000K, used 323518K [0x0000000080000000, 0x0000000100000000)
  region size 1024K, 108 young (110592K), 16 survivors (16384K)
 Metaspace       used 168138K, committed 170752K, reserved 1245184K
  class space    used 21151K, committed 22464K, reserved 1048576K
}
Event: 34.261 GC heap after
{Heap after GC invocations=51 (full 0):
 garbage-first heap   total 384000K, used 220949K [0x0000000080000000, 0x0000000100000000)
  region size 1024K, 3 young (3072K), 3 survivors (3072K)
 Metaspace       used 168138K, committed 170752K, reserved 1245184K
  class space    used 21151K, committed 22464K, reserved 1048576K
}
Event: 36.966 GC heap before
{Heap before GC invocations=52 (full 0):
 garbage-first heap   total 384000K, used 356117K [0x0000000080000000, 0x0000000100000000)
  region size 1024K, 128 young (131072K), 3 survivors (3072K)
 Metaspace       used 178184K, committed 180928K, reserved 1245184K
  class space    used 22550K, committed 23936K, reserved 1048576K
}
Event: 36.991 GC heap after
{Heap after GC invocations=53 (full 0):
 garbage-first heap   total 384000K, used 222990K [0x0000000080000000, 0x0000000100000000)
  region size 1024K, 10 young (10240K), 10 survivors (10240K)
 Metaspace       used 178184K, committed 180928K, reserved 1245184K
  class space    used 22550K, committed 23936K, reserved 1048576K
}
Event: 38.980 GC heap before
{Heap before GC invocations=53 (full 0):
 garbage-first heap   total 384000K, used 363278K [0x0000000080000000, 0x0000000100000000)
  region size 1024K, 135 young (138240K), 10 survivors (10240K)
 Metaspace       used 183281K, committed 186112K, reserved 1245184K
  class space    used 23285K, committed 24704K, reserved 1048576K
}
Event: 39.012 GC heap after
{Heap after GC invocations=54 (full 0):
 garbage-first heap   total 388096K, used 242292K [0x0000000080000000, 0x0000000100000000)
  region size 1024K, 17 young (17408K), 17 survivors (17408K)
 Metaspace       used 183281K, committed 186112K, reserved 1245184K
  class space    used 23285K, committed 24704K, reserved 1048576K
}
Event: 40.673 GC heap before
{Heap before GC invocations=54 (full 0):
 garbage-first heap   total 388096K, used 349812K [0x0000000080000000, 0x0000000100000000)
  region size 1024K, 122 young (124928K), 17 survivors (17408K)
 Metaspace       used 186342K, committed 189120K, reserved 1245184K
  class space    used 23648K, committed 25024K, reserved 1048576K
}
Event: 40.712 GC heap after
{Heap after GC invocations=55 (full 0):
 garbage-first heap   total 388096K, used 251392K [0x0000000080000000, 0x0000000100000000)
  region size 1024K, 11 young (11264K), 11 survivors (11264K)
 Metaspace       used 186342K, committed 189120K, reserved 1245184K
  class space    used 23648K, committed 25024K, reserved 1048576K
}
Event: 45.272 GC heap before
{Heap before GC invocations=56 (full 0):
 garbage-first heap   total 419840K, used 364032K [0x0000000080000000, 0x0000000100000000)
  region size 1024K, 112 young (114688K), 11 survivors (11264K)
 Metaspace       used 197526K, committed 200320K, reserved 1245184K
  class space    used 25086K, committed 26496K, reserved 1048576K
}
Event: 45.297 GC heap after
{Heap after GC invocations=57 (full 0):
 garbage-first heap   total 419840K, used 256726K [0x0000000080000000, 0x0000000100000000)
  region size 1024K, 6 young (6144K), 6 survivors (6144K)
 Metaspace       used 197526K, committed 200320K, reserved 1245184K
  class space    used 25086K, committed 26496K, reserved 1048576K
}
Event: 47.640 GC heap before
{Heap before GC invocations=57 (full 0):
 garbage-first heap   total 419840K, used 388822K [0x0000000080000000, 0x0000000100000000)
  region size 1024K, 134 young (137216K), 6 survivors (6144K)
 Metaspace       used 204008K, committed 206912K, reserved 1245184K
  class space    used 25984K, committed 27456K, reserved 1048576K
}
Event: 47.657 GC heap after
{Heap after GC invocations=58 (full 0):
 garbage-first heap   total 419840K, used 260765K [0x0000000080000000, 0x0000000100000000)
  region size 1024K, 11 young (11264K), 11 survivors (11264K)
 Metaspace       used 204008K, committed 206912K, reserved 1245184K
  class space    used 25984K, committed 27456K, reserved 1048576K
}
Event: 48.409 GC heap before
{Heap before GC invocations=58 (full 0):
 garbage-first heap   total 419840K, used 386717K [0x0000000080000000, 0x0000000100000000)
  region size 1024K, 134 young (137216K), 11 survivors (11264K)
 Metaspace       used 204028K, committed 206912K, reserved 1245184K
  class space    used 25985K, committed 27456K, reserved 1048576K
}
Event: 48.425 GC heap after
{Heap after GC invocations=59 (full 0):
 garbage-first heap   total 419840K, used 262023K [0x0000000080000000, 0x0000000100000000)
  region size 1024K, 7 young (7168K), 7 survivors (7168K)
 Metaspace       used 204028K, committed 206912K, reserved 1245184K
  class space    used 25985K, committed 27456K, reserved 1048576K
}
Event: 50.223 GC heap before
{Heap before GC invocations=60 (full 0):
 garbage-first heap   total 439296K, used 388999K [0x0000000080000000, 0x0000000100000000)
  region size 1024K, 131 young (134144K), 7 survivors (7168K)
 Metaspace       used 207262K, committed 210240K, reserved 1245184K
  class space    used 26344K, committed 27840K, reserved 1048576K
}
Event: 50.235 GC heap after
{Heap after GC invocations=61 (full 0):
 garbage-first heap   total 439296K, used 260514K [0x0000000080000000, 0x0000000100000000)
  region size 1024K, 7 young (7168K), 7 survivors (7168K)
 Metaspace       used 207262K, committed 210240K, reserved 1245184K
  class space    used 26344K, committed 27840K, reserved 1048576K
}

