# JRE version: OpenJDK Runtime Environment (21.0.5) (build 21.0.5+-12932927-b750.29)
# Java VM: OpenJDK 64-Bit Server VM (21.0.5+-12932927-b750.29, mixed mode, tiered, compressed oops, compressed class ptrs, g1 gc, windows-amd64)
GC Precious Log:
 CardTable entry size: 512
 Card Set container configuration: InlinePtr #cards 5 size 8 Array Of Cards #cards 12 size 40 Howl #buckets 4 coarsen threshold 1843 Howl Bitmap #cards 512 size 80 coarsen threshold 460 Card regions per heap region 1 cards per card region 2048
 CPUs: 4 total, 4 available
 Memory: 7914M
 Large Page Support: Disabled
 NUMA Support: Disabled
 Compressed Oops: Enabled (32-bit)
 Heap Region Size: 1M
 Heap Min Capacity: 8M
 Heap Initial Capacity: 124M
 Heap Max Capacity: 2G
 Pre-touch: Disabled
 Parallel Workers: 4
 Concurrent Workers: 1
 Concurrent Refinement Workers: 4
 Periodic GC: Disabled
Heap:
 garbage-first heap   total 299008K, used 198650K [0x0000000080000000, 0x0000000100000000)
  region size 1024K, 9 young (9216K), 9 survivors (9216K)
 Metaspace       used 144352K, committed 146688K, reserved 1179648K
  class space    used 18444K, committed 19584K, reserved 1048576K
GC Heap History (20 events):
Event: 16.531 GC heap after
{Heap after GC invocations=38 (full 0):
 garbage-first heap   total 186368K, used 114338K [0x0000000080000000, 0x0000000100000000)
  region size 1024K, 6 young (6144K), 6 survivors (6144K)
 Metaspace       used 109572K, committed 111872K, reserved 1179648K
  class space    used 14742K, committed 15872K, reserved 1048576K
}
Event: 17.598 GC heap before
{Heap before GC invocations=38 (full 0):
 garbage-first heap   total 186368K, used 169634K [0x0000000080000000, 0x0000000100000000)
  region size 1024K, 60 young (61440K), 6 survivors (6144K)
 Metaspace       used 115081K, committed 117376K, reserved 1179648K
  class space    used 15322K, committed 16448K, reserved 1048576K
}
Event: 17.610 GC heap after
{Heap after GC invocations=39 (full 0):
 garbage-first heap   total 240640K, used 117883K [0x0000000080000000, 0x0000000100000000)
  region size 1024K, 8 young (8192K), 8 survivors (8192K)
 Metaspace       used 115081K, committed 117376K, reserved 1179648K
  class space    used 15322K, committed 16448K, reserved 1048576K
}
Event: 19.165 GC heap before
{Heap before GC invocations=39 (full 0):
 garbage-first heap   total 240640K, used 215163K [0x0000000080000000, 0x0000000100000000)
  region size 1024K, 103 young (105472K), 8 survivors (8192K)
 Metaspace       used 130401K, committed 132800K, reserved 1179648K
  class space    used 16839K, committed 17984K, reserved 1048576K
}
Event: 19.177 GC heap after
{Heap after GC invocations=40 (full 0):
 garbage-first heap   total 240640K, used 122243K [0x0000000080000000, 0x0000000100000000)
  region size 1024K, 9 young (9216K), 9 survivors (9216K)
 Metaspace       used 130401K, committed 132800K, reserved 1179648K
  class space    used 16839K, committed 17984K, reserved 1048576K
}
Event: 27.792 GC heap before
{Heap before GC invocations=41 (full 0):
 garbage-first heap   total 240640K, used 216451K [0x0000000080000000, 0x0000000100000000)
  region size 1024K, 102 young (104448K), 9 survivors (9216K)
 Metaspace       used 142950K, committed 145280K, reserved 1179648K
  class space    used 18347K, committed 19456K, reserved 1048576K
}
Event: 27.809 GC heap after
{Heap after GC invocations=42 (full 0):
 garbage-first heap   total 240640K, used 130470K [0x0000000080000000, 0x0000000100000000)
  region size 1024K, 13 young (13312K), 13 survivors (13312K)
 Metaspace       used 142950K, committed 145280K, reserved 1179648K
  class space    used 18347K, committed 19456K, reserved 1048576K
}
Event: 28.245 GC heap before
{Heap before GC invocations=42 (full 0):
 garbage-first heap   total 240640K, used 212390K [0x0000000080000000, 0x0000000100000000)
  region size 1024K, 94 young (96256K), 13 survivors (13312K)
 Metaspace       used 143155K, committed 145472K, reserved 1179648K
  class space    used 18358K, committed 19520K, reserved 1048576K
}
Event: 28.309 GC heap after
{Heap after GC invocations=43 (full 0):
 garbage-first heap   total 250880K, used 152450K [0x0000000080000000, 0x0000000100000000)
  region size 1024K, 12 young (12288K), 12 survivors (12288K)
 Metaspace       used 143155K, committed 145472K, reserved 1179648K
  class space    used 18358K, committed 19520K, reserved 1048576K
}
Event: 28.361 GC heap before
{Heap before GC invocations=43 (full 0):
 garbage-first heap   total 250880K, used 160642K [0x0000000080000000, 0x0000000100000000)
  region size 1024K, 22 young (22528K), 12 survivors (12288K)
 Metaspace       used 143155K, committed 145472K, reserved 1179648K
  class space    used 18358K, committed 19520K, reserved 1048576K
}
Event: 28.384 GC heap after
{Heap after GC invocations=44 (full 0):
 garbage-first heap   total 250880K, used 162560K [0x0000000080000000, 0x0000000100000000)
  region size 1024K, 10 young (10240K), 10 survivors (10240K)
 Metaspace       used 143155K, committed 145472K, reserved 1179648K
  class space    used 18358K, committed 19520K, reserved 1048576K
}
Event: 28.707 GC heap before
{Heap before GC invocations=45 (full 0):
 garbage-first heap   total 275456K, used 200448K [0x0000000080000000, 0x0000000100000000)
  region size 1024K, 46 young (47104K), 10 survivors (10240K)
 Metaspace       used 143311K, committed 145664K, reserved 1179648K
  class space    used 18372K, committed 19520K, reserved 1048576K
}
Event: 28.732 GC heap after
{Heap after GC invocations=46 (full 0):
 garbage-first heap   total 275456K, used 173568K [0x0000000080000000, 0x0000000100000000)
  region size 1024K, 6 young (6144K), 6 survivors (6144K)
 Metaspace       used 143311K, committed 145664K, reserved 1179648K
  class space    used 18372K, committed 19520K, reserved 1048576K
}
Event: 29.407 GC heap before
{Heap before GC invocations=46 (full 0):
 garbage-first heap   total 275456K, used 218624K [0x0000000080000000, 0x0000000100000000)
  region size 1024K, 51 young (52224K), 6 survivors (6144K)
 Metaspace       used 144060K, committed 146368K, reserved 1179648K
  class space    used 18442K, committed 19584K, reserved 1048576K
}
Event: 29.425 GC heap after
{Heap after GC invocations=47 (full 0):
 garbage-first heap   total 275456K, used 176815K [0x0000000080000000, 0x0000000100000000)
  region size 1024K, 7 young (7168K), 7 survivors (7168K)
 Metaspace       used 144060K, committed 146368K, reserved 1179648K
  class space    used 18442K, committed 19584K, reserved 1048576K
}
Event: 30.043 GC heap before
{Heap before GC invocations=47 (full 0):
 garbage-first heap   total 275456K, used 223919K [0x0000000080000000, 0x0000000100000000)
  region size 1024K, 54 young (55296K), 7 survivors (7168K)
 Metaspace       used 144136K, committed 146496K, reserved 1179648K
  class space    used 18444K, committed 19584K, reserved 1048576K
}
Event: 30.058 GC heap after
{Heap after GC invocations=48 (full 0):
 garbage-first heap   total 275456K, used 182023K [0x0000000080000000, 0x0000000100000000)
  region size 1024K, 7 young (7168K), 7 survivors (7168K)
 Metaspace       used 144136K, committed 146496K, reserved 1179648K
  class space    used 18444K, committed 19584K, reserved 1048576K
}
Event: 31.097 GC heap before
{Heap before GC invocations=49 (full 0):
 garbage-first heap   total 299008K, used 228103K [0x0000000080000000, 0x0000000100000000)
  region size 1024K, 55 young (56320K), 7 survivors (7168K)
 Metaspace       used 144221K, committed 146560K, reserved 1179648K
  class space    used 18444K, committed 19584K, reserved 1048576K
}
Event: 31.112 GC heap after
{Heap after GC invocations=50 (full 0):
 garbage-first heap   total 299008K, used 183814K [0x0000000080000000, 0x0000000100000000)
  region size 1024K, 5 young (5120K), 5 survivors (5120K)
 Metaspace       used 144221K, committed 146560K, reserved 1179648K
  class space    used 18444K, committed 19584K, reserved 1048576K
}
Event: 31.955 GC heap before
{Heap before GC invocations=50 (full 0):
 garbage-first heap   total 299008K, used 250374K [0x0000000080000000, 0x0000000100000000)
  region size 1024K, 69 young (70656K), 5 survivors (5120K)
 Metaspace       used 144352K, committed 146688K, reserved 1179648K
  class space    used 18444K, committed 19584K, reserved 1048576K
}

