# JRE version: OpenJDK Runtime Environment (21.0.5) (build 21.0.5+-12932927-b750.29)
# Java VM: OpenJDK 64-Bit Server VM (21.0.5+-12932927-b750.29, mixed mode, tiered, compressed oops, compressed class ptrs, g1 gc, windows-amd64)
GC Precious Log:
 CardTable entry size: 512
 Card Set container configuration: InlinePtr #cards 5 size 8 Array Of Cards #cards 12 size 40 Howl #buckets 4 coarsen threshold 1843 Howl Bitmap #cards 512 size 80 coarsen threshold 460 Card regions per heap region 1 cards per card region 2048
 CPUs: 4 total, 4 available
 Memory: 7914M
 Large Page Support: Disabled
 NUMA Support: Disabled
 Compressed Oops: Enabled (32-bit)
 Heap Region Size: 1M
 Heap Min Capacity: 8M
 Heap Initial Capacity: 124M
 Heap Max Capacity: 2G
 Pre-touch: Disabled
 Parallel Workers: 4
 Concurrent Workers: 1
 Concurrent Refinement Workers: 4
 Periodic GC: Disabled
Heap:
 garbage-first heap   total 461824K, used 445748K [0x0000000080000000, 0x0000000100000000)
  region size 1024K, 107 young (109568K), 9 survivors (9216K)
 Metaspace       used 241767K, committed 243328K, reserved 1310720K
  class space    used 30003K, committed 30784K, reserved 1048576K
GC Heap History (20 events):
Event: 4666.882 GC heap after
{Heap after GC invocations=77 (full 0):
 garbage-first heap   total 439296K, used 265728K [0x0000000080000000, 0x0000000100000000)
  region size 1024K, 4 young (4096K), 4 survivors (4096K)
 Metaspace       used 214812K, committed 221632K, reserved 1245184K
  class space    used 26394K, committed 28864K, reserved 1048576K
}
Event: 4671.594 GC heap before
{Heap before GC invocations=77 (full 0):
 garbage-first heap   total 439296K, used 403968K [0x0000000080000000, 0x0000000100000000)
  region size 1024K, 138 young (141312K), 4 survivors (4096K)
 Metaspace       used 222030K, committed 224576K, reserved 1245184K
  class space    used 27167K, committed 28928K, reserved 1048576K
}
Event: 4671.640 GC heap after
{Heap after GC invocations=78 (full 0):
 garbage-first heap   total 439296K, used 263473K [0x0000000080000000, 0x0000000100000000)
  region size 1024K, 11 young (11264K), 11 survivors (11264K)
 Metaspace       used 222030K, committed 224576K, reserved 1245184K
  class space    used 27167K, committed 28928K, reserved 1048576K
}
Event: 4674.844 GC heap before
{Heap before GC invocations=78 (full 0):
 garbage-first heap   total 439296K, used 403761K [0x0000000080000000, 0x0000000100000000)
  region size 1024K, 149 young (152576K), 11 survivors (11264K)
 Metaspace       used 235341K, committed 236928K, reserved 1310720K
  class space    used 29275K, committed 30080K, reserved 1048576K
}
Event: 4674.906 GC heap after
{Heap after GC invocations=79 (full 0):
 garbage-first heap   total 439296K, used 271142K [0x0000000080000000, 0x0000000100000000)
  region size 1024K, 19 young (19456K), 19 survivors (19456K)
 Metaspace       used 235341K, committed 236928K, reserved 1310720K
  class space    used 29275K, committed 30080K, reserved 1048576K
}
Event: 4677.903 GC heap before
{Heap before GC invocations=79 (full 0):
 garbage-first heap   total 439296K, used 396070K [0x0000000080000000, 0x0000000100000000)
  region size 1024K, 142 young (145408K), 19 survivors (19456K)
 Metaspace       used 239618K, committed 241216K, reserved 1310720K
  class space    used 29767K, committed 30592K, reserved 1048576K
}
Event: 4677.949 GC heap after
{Heap after GC invocations=80 (full 0):
 garbage-first heap   total 439296K, used 271360K [0x0000000080000000, 0x0000000100000000)
  region size 1024K, 6 young (6144K), 6 survivors (6144K)
 Metaspace       used 239618K, committed 241216K, reserved 1310720K
  class space    used 29767K, committed 30592K, reserved 1048576K
}
Event: 4679.383 GC heap before
{Heap before GC invocations=80 (full 0):
 garbage-first heap   total 439296K, used 408576K [0x0000000080000000, 0x0000000100000000)
  region size 1024K, 141 young (144384K), 6 survivors (6144K)
 Metaspace       used 240351K, committed 242048K, reserved 1310720K
  class space    used 29884K, committed 30720K, reserved 1048576K
}
Event: 4679.409 GC heap after
{Heap after GC invocations=81 (full 0):
 garbage-first heap   total 439296K, used 265728K [0x0000000080000000, 0x0000000100000000)
  region size 1024K, 6 young (6144K), 6 survivors (6144K)
 Metaspace       used 240351K, committed 242048K, reserved 1310720K
  class space    used 29884K, committed 30720K, reserved 1048576K
}
Event: 4680.484 GC heap before
{Heap before GC invocations=81 (full 0):
 garbage-first heap   total 439296K, used 410112K [0x0000000080000000, 0x0000000100000000)
  region size 1024K, 147 young (150528K), 6 survivors (6144K)
 Metaspace       used 240730K, committed 242368K, reserved 1310720K
  class space    used 29906K, committed 30720K, reserved 1048576K
}
Event: 4680.494 GC heap after
{Heap after GC invocations=82 (full 0):
 garbage-first heap   total 439296K, used 265216K [0x0000000080000000, 0x0000000100000000)
  region size 1024K, 5 young (5120K), 5 survivors (5120K)
 Metaspace       used 240730K, committed 242368K, reserved 1310720K
  class space    used 29906K, committed 30720K, reserved 1048576K
}
Event: 4682.462 GC heap before
{Heap before GC invocations=83 (full 0):
 garbage-first heap   total 442368K, used 410624K [0x0000000080000000, 0x0000000100000000)
  region size 1024K, 147 young (150528K), 5 survivors (5120K)
 Metaspace       used 240483K, committed 242368K, reserved 1310720K
  class space    used 29858K, committed 30720K, reserved 1048576K
}
Event: 4682.475 GC heap after
{Heap after GC invocations=84 (full 0):
 garbage-first heap   total 442368K, used 267503K [0x0000000080000000, 0x0000000100000000)
  region size 1024K, 8 young (8192K), 8 survivors (8192K)
 Metaspace       used 240483K, committed 242368K, reserved 1310720K
  class space    used 29858K, committed 30720K, reserved 1048576K
}
Event: 4683.828 GC heap before
{Heap before GC invocations=84 (full 0):
 garbage-first heap   total 442368K, used 409839K [0x0000000080000000, 0x0000000100000000)
  region size 1024K, 147 young (150528K), 8 survivors (8192K)
 Metaspace       used 240588K, committed 242368K, reserved 1310720K
  class space    used 29862K, committed 30720K, reserved 1048576K
}
Event: 4683.867 GC heap after
{Heap after GC invocations=85 (full 0):
 garbage-first heap   total 442368K, used 245339K [0x0000000080000000, 0x0000000100000000)
  region size 1024K, 8 young (8192K), 8 survivors (8192K)
 Metaspace       used 240588K, committed 242368K, reserved 1310720K
  class space    used 29862K, committed 30720K, reserved 1048576K
}
Event: 4685.523 GC heap before
{Heap before GC invocations=85 (full 0):
 garbage-first heap   total 442368K, used 409179K [0x0000000080000000, 0x0000000100000000)
  region size 1024K, 169 young (173056K), 8 survivors (8192K)
 Metaspace       used 240746K, committed 242368K, reserved 1310720K
  class space    used 29874K, committed 30720K, reserved 1048576K
}
Event: 4685.531 GC heap after
{Heap after GC invocations=86 (full 0):
 garbage-first heap   total 442368K, used 241604K [0x0000000080000000, 0x0000000100000000)
  region size 1024K, 4 young (4096K), 4 survivors (4096K)
 Metaspace       used 240746K, committed 242368K, reserved 1310720K
  class space    used 29874K, committed 30720K, reserved 1048576K
}
Event: 4690.836 GC heap before
{Heap before GC invocations=87 (full 0):
 garbage-first heap   total 446464K, used 424900K [0x0000000080000000, 0x0000000100000000)
  region size 1024K, 173 young (177152K), 4 survivors (4096K)
 Metaspace       used 241274K, committed 242880K, reserved 1310720K
  class space    used 29929K, committed 30720K, reserved 1048576K
}
Event: 4690.846 GC heap after
{Heap after GC invocations=88 (full 0):
 garbage-first heap   total 446464K, used 250164K [0x0000000080000000, 0x0000000100000000)
  region size 1024K, 3 young (3072K), 3 survivors (3072K)
 Metaspace       used 241274K, committed 242880K, reserved 1310720K
  class space    used 29929K, committed 30720K, reserved 1048576K
}
Event: 4692.829 GC heap before
{Heap before GC invocations=88 (full 0):
 garbage-first heap   total 446464K, used 444724K [0x0000000080000000, 0x0000000100000000)
  region size 1024K, 101 young (103424K), 3 survivors (3072K)
 Metaspace       used 241767K, committed 243328K, reserved 1310720K
  class space    used 30003K, committed 30784K, reserved 1048576K
}

