# JRE version: OpenJDK Runtime Environment (21.0.5) (build 21.0.5+-12932927-b750.29)
# Java VM: OpenJDK 64-Bit Server VM (21.0.5+-12932927-b750.29, mixed mode, tiered, compressed oops, compressed class ptrs, g1 gc, windows-amd64)
GC Precious Log:
 CardTable entry size: 512
 Card Set container configuration: InlinePtr #cards 5 size 8 Array Of Cards #cards 12 size 40 Howl #buckets 4 coarsen threshold 1843 Howl Bitmap #cards 512 size 80 coarsen threshold 460 Card regions per heap region 1 cards per card region 2048
 CPUs: 4 total, 4 available
 Memory: 7914M
 Large Page Support: Disabled
 NUMA Support: Disabled
 Compressed Oops: Enabled (32-bit)
 Heap Region Size: 1M
 Heap Min Capacity: 8M
 Heap Initial Capacity: 124M
 Heap Max Capacity: 2G
 Pre-touch: Disabled
 Parallel Workers: 4
 Concurrent Workers: 1
 Concurrent Refinement Workers: 4
 Periodic GC: Disabled
Heap:
 garbage-first heap   total 363520K, used 266808K [0x0000000080000000, 0x0000000100000000)
  region size 1024K, 73 young (74752K), 8 survivors (8192K)
 Metaspace       used 155166K, committed 157696K, reserved 1245184K
  class space    used 20009K, committed 21312K, reserved 1048576K
GC Heap History (20 events):
Event: 104.312 GC heap before
{Heap before GC invocations=57 (full 0):
 garbage-first heap   total 314368K, used 259450K [0x0000000080000000, 0x0000000100000000)
  region size 1024K, 80 young (81920K), 9 survivors (9216K)
 Metaspace       used 141073K, committed 143552K, reserved 1179648K
  class space    used 18395K, committed 19648K, reserved 1048576K
}
Event: 104.343 GC heap after
{Heap after GC invocations=58 (full 0):
 garbage-first heap   total 314368K, used 190867K [0x0000000080000000, 0x0000000100000000)
  region size 1024K, 3 young (3072K), 3 survivors (3072K)
 Metaspace       used 141073K, committed 143552K, reserved 1179648K
  class space    used 18395K, committed 19648K, reserved 1048576K
}
Event: 106.858 GC heap before
{Heap before GC invocations=58 (full 0):
 garbage-first heap   total 314368K, used 288147K [0x0000000080000000, 0x0000000100000000)
  region size 1024K, 99 young (101376K), 3 survivors (3072K)
 Metaspace       used 143675K, committed 146176K, reserved 1179648K
  class space    used 18709K, committed 19968K, reserved 1048576K
}
Event: 106.880 GC heap after
{Heap after GC invocations=59 (full 0):
 garbage-first heap   total 314368K, used 199217K [0x0000000080000000, 0x0000000100000000)
  region size 1024K, 12 young (12288K), 12 survivors (12288K)
 Metaspace       used 143675K, committed 146176K, reserved 1179648K
  class space    used 18709K, committed 19968K, reserved 1048576K
}
Event: 113.999 GC heap before
{Heap before GC invocations=59 (full 0):
 garbage-first heap   total 314368K, used 284209K [0x0000000080000000, 0x0000000100000000)
  region size 1024K, 96 young (98304K), 12 survivors (12288K)
 Metaspace       used 146718K, committed 149248K, reserved 1179648K
  class space    used 19196K, committed 20480K, reserved 1048576K
}
Event: 114.021 GC heap after
{Heap after GC invocations=60 (full 0):
 garbage-first heap   total 314368K, used 205824K [0x0000000080000000, 0x0000000100000000)
  region size 1024K, 7 young (7168K), 7 survivors (7168K)
 Metaspace       used 146718K, committed 149248K, reserved 1179648K
  class space    used 19196K, committed 20480K, reserved 1048576K
}
Event: 116.799 GC heap before
{Heap before GC invocations=61 (full 0):
 garbage-first heap   total 343040K, used 294912K [0x0000000080000000, 0x0000000100000000)
  region size 1024K, 88 young (90112K), 7 survivors (7168K)
 Metaspace       used 148013K, committed 150528K, reserved 1179648K
  class space    used 19290K, committed 20608K, reserved 1048576K
}
Event: 116.818 GC heap after
{Heap after GC invocations=62 (full 0):
 garbage-first heap   total 343040K, used 219605K [0x0000000080000000, 0x0000000100000000)
  region size 1024K, 11 young (11264K), 11 survivors (11264K)
 Metaspace       used 148013K, committed 150528K, reserved 1179648K
  class space    used 19290K, committed 20608K, reserved 1048576K
}
Event: 117.816 GC heap before
{Heap before GC invocations=62 (full 0):
 garbage-first heap   total 343040K, used 313813K [0x0000000080000000, 0x0000000100000000)
  region size 1024K, 102 young (104448K), 11 survivors (11264K)
 Metaspace       used 151702K, committed 154304K, reserved 1245184K
  class space    used 19620K, committed 20928K, reserved 1048576K
}
Event: 117.835 GC heap after
{Heap after GC invocations=63 (full 0):
 garbage-first heap   total 343040K, used 222716K [0x0000000080000000, 0x0000000100000000)
  region size 1024K, 4 young (4096K), 4 survivors (4096K)
 Metaspace       used 151702K, committed 154304K, reserved 1245184K
  class space    used 19620K, committed 20928K, reserved 1048576K
}
Event: 120.312 GC heap before
{Heap before GC invocations=63 (full 0):
 garbage-first heap   total 343040K, used 315900K [0x0000000080000000, 0x0000000100000000)
  region size 1024K, 96 young (98304K), 4 survivors (4096K)
 Metaspace       used 154318K, committed 156928K, reserved 1245184K
  class space    used 19919K, committed 21248K, reserved 1048576K
}
Event: 120.322 GC heap after
{Heap after GC invocations=64 (full 0):
 garbage-first heap   total 343040K, used 223198K [0x0000000080000000, 0x0000000100000000)
  region size 1024K, 7 young (7168K), 7 survivors (7168K)
 Metaspace       used 154318K, committed 156928K, reserved 1245184K
  class space    used 19919K, committed 21248K, reserved 1048576K
}
Event: 121.024 GC heap before
{Heap before GC invocations=65 (full 0):
 garbage-first heap   total 363520K, used 308190K [0x0000000080000000, 0x0000000100000000)
  region size 1024K, 97 young (99328K), 7 survivors (7168K)
 Metaspace       used 154614K, committed 157184K, reserved 1245184K
  class space    used 19955K, committed 21248K, reserved 1048576K
}
Event: 121.034 GC heap after
{Heap after GC invocations=66 (full 0):
 garbage-first heap   total 363520K, used 217873K [0x0000000080000000, 0x0000000100000000)
  region size 1024K, 8 young (8192K), 8 survivors (8192K)
 Metaspace       used 154614K, committed 157184K, reserved 1245184K
  class space    used 19955K, committed 21248K, reserved 1048576K
}
Event: 121.320 GC heap before
{Heap before GC invocations=66 (full 0):
 garbage-first heap   total 363520K, used 333585K [0x0000000080000000, 0x0000000100000000)
  region size 1024K, 122 young (124928K), 8 survivors (8192K)
 Metaspace       used 154616K, committed 157184K, reserved 1245184K
  class space    used 19955K, committed 21248K, reserved 1048576K
}
Event: 121.330 GC heap after
{Heap after GC invocations=67 (full 0):
 garbage-first heap   total 363520K, used 214940K [0x0000000080000000, 0x0000000100000000)
  region size 1024K, 8 young (8192K), 8 survivors (8192K)
 Metaspace       used 154616K, committed 157184K, reserved 1245184K
  class space    used 19955K, committed 21248K, reserved 1048576K
}
Event: 121.941 GC heap before
{Heap before GC invocations=67 (full 0):
 garbage-first heap   total 363520K, used 333724K [0x0000000080000000, 0x0000000100000000)
  region size 1024K, 125 young (128000K), 8 survivors (8192K)
 Metaspace       used 154661K, committed 157184K, reserved 1245184K
  class space    used 19955K, committed 21248K, reserved 1048576K
}
Event: 121.956 GC heap after
{Heap after GC invocations=68 (full 0):
 garbage-first heap   total 363520K, used 201955K [0x0000000080000000, 0x0000000100000000)
  region size 1024K, 8 young (8192K), 8 survivors (8192K)
 Metaspace       used 154661K, committed 157184K, reserved 1245184K
  class space    used 19955K, committed 21248K, reserved 1048576K
}
Event: 123.061 GC heap before
{Heap before GC invocations=68 (full 0):
 garbage-first heap   total 363520K, used 334051K [0x0000000080000000, 0x0000000100000000)
  region size 1024K, 138 young (141312K), 8 survivors (8192K)
 Metaspace       used 154704K, committed 157248K, reserved 1245184K
  class space    used 19956K, committed 21248K, reserved 1048576K
}
Event: 123.074 GC heap after
{Heap after GC invocations=69 (full 0):
 garbage-first heap   total 363520K, used 202296K [0x0000000080000000, 0x0000000100000000)
  region size 1024K, 8 young (8192K), 8 survivors (8192K)
 Metaspace       used 154704K, committed 157248K, reserved 1245184K
  class space    used 19956K, committed 21248K, reserved 1048576K
}

