# JRE version: OpenJDK Runtime Environment (21.0.5) (build 21.0.5+-12932927-b750.29)
# Java VM: OpenJDK 64-Bit Server VM (21.0.5+-12932927-b750.29, mixed mode, tiered, compressed oops, compressed class ptrs, g1 gc, windows-amd64)
GC Precious Log:
 CardTable entry size: 512
 Card Set container configuration: InlinePtr #cards 5 size 8 Array Of Cards #cards 12 size 40 Howl #buckets 4 coarsen threshold 1843 Howl Bitmap #cards 512 size 80 coarsen threshold 460 Card regions per heap region 1 cards per card region 2048
 CPUs: 4 total, 4 available
 Memory: 7914M
 Large Page Support: Disabled
 NUMA Support: Disabled
 Compressed Oops: Enabled (32-bit)
 Heap Region Size: 1M
 Heap Min Capacity: 8M
 Heap Initial Capacity: 124M
 Heap Max Capacity: 2G
 Pre-touch: Disabled
 Parallel Workers: 4
 Concurrent Workers: 1
 Concurrent Refinement Workers: 4
 Periodic GC: Disabled
Heap:
 garbage-first heap   total 347136K, used 289792K [0x0000000080000000, 0x0000000100000000)
  region size 1024K, 84 young (86016K), 3 survivors (3072K)
 Metaspace       used 153890K, committed 156480K, reserved 1245184K
  class space    used 19773K, committed 21120K, reserved 1048576K
GC Heap History (20 events):
Event: 287.494 GC heap before
{Heap before GC invocations=41 (full 0):
 garbage-first heap   total 227328K, used 209493K [0x0000000080000000, 0x0000000100000000)
  region size 1024K, 52 young (53248K), 5 survivors (5120K)
 Metaspace       used 117068K, committed 119424K, reserved 1179648K
  class space    used 15687K, committed 16896K, reserved 1048576K
}
Event: 287.502 GC heap after
{Heap after GC invocations=42 (full 0):
 garbage-first heap   total 227328K, used 163898K [0x0000000080000000, 0x0000000100000000)
  region size 1024K, 5 young (5120K), 5 survivors (5120K)
 Metaspace       used 117068K, committed 119424K, reserved 1179648K
  class space    used 15687K, committed 16896K, reserved 1048576K
}
Event: 289.017 GC heap before
{Heap before GC invocations=43 (full 0):
 garbage-first heap   total 275456K, used 206906K [0x0000000080000000, 0x0000000100000000)
  region size 1024K, 47 young (48128K), 5 survivors (5120K)
 Metaspace       used 117068K, committed 119424K, reserved 1179648K
  class space    used 15687K, committed 16896K, reserved 1048576K
}
Event: 289.031 GC heap after
{Heap after GC invocations=44 (full 0):
 garbage-first heap   total 275456K, used 166638K [0x0000000080000000, 0x0000000100000000)
  region size 1024K, 5 young (5120K), 5 survivors (5120K)
 Metaspace       used 117068K, committed 119424K, reserved 1179648K
  class space    used 15687K, committed 16896K, reserved 1048576K
}
Event: 293.769 GC heap before
{Heap before GC invocations=44 (full 0):
 garbage-first heap   total 275456K, used 249582K [0x0000000080000000, 0x0000000100000000)
  region size 1024K, 85 young (87040K), 5 survivors (5120K)
 Metaspace       used 122204K, committed 124608K, reserved 1179648K
  class space    used 16256K, committed 17472K, reserved 1048576K
}
Event: 293.783 GC heap after
{Heap after GC invocations=45 (full 0):
 garbage-first heap   total 275456K, used 169640K [0x0000000080000000, 0x0000000100000000)
  region size 1024K, 8 young (8192K), 8 survivors (8192K)
 Metaspace       used 122204K, committed 124608K, reserved 1179648K
  class space    used 16256K, committed 17472K, reserved 1048576K
}
Event: 297.539 GC heap before
{Heap before GC invocations=45 (full 0):
 garbage-first heap   total 275456K, used 251560K [0x0000000080000000, 0x0000000100000000)
  region size 1024K, 88 young (90112K), 8 survivors (8192K)
 Metaspace       used 130347K, committed 132736K, reserved 1179648K
  class space    used 17319K, committed 18496K, reserved 1048576K
}
Event: 297.556 GC heap after
{Heap after GC invocations=46 (full 0):
 garbage-first heap   total 275456K, used 172745K [0x0000000080000000, 0x0000000100000000)
  region size 1024K, 10 young (10240K), 10 survivors (10240K)
 Metaspace       used 130347K, committed 132736K, reserved 1179648K
  class space    used 17319K, committed 18496K, reserved 1048576K
}
Event: 300.684 GC heap before
{Heap before GC invocations=46 (full 0):
 garbage-first heap   total 275456K, used 249545K [0x0000000080000000, 0x0000000100000000)
  region size 1024K, 85 young (87040K), 10 survivors (10240K)
 Metaspace       used 131970K, committed 134400K, reserved 1179648K
  class space    used 17470K, committed 18688K, reserved 1048576K
}
Event: 300.708 GC heap after
{Heap after GC invocations=47 (full 0):
 garbage-first heap   total 275456K, used 180013K [0x0000000080000000, 0x0000000100000000)
  region size 1024K, 11 young (11264K), 11 survivors (11264K)
 Metaspace       used 131970K, committed 134400K, reserved 1179648K
  class space    used 17470K, committed 18688K, reserved 1048576K
}
Event: 304.986 GC heap before
{Heap before GC invocations=48 (full 0):
 garbage-first heap   total 301056K, used 246573K [0x0000000080000000, 0x0000000100000000)
  region size 1024K, 77 young (78848K), 11 survivors (11264K)
 Metaspace       used 136741K, committed 139200K, reserved 1179648K
  class space    used 18012K, committed 19264K, reserved 1048576K
}
Event: 305.011 GC heap after
{Heap after GC invocations=49 (full 0):
 garbage-first heap   total 301056K, used 188928K [0x0000000080000000, 0x0000000100000000)
  region size 1024K, 8 young (8192K), 8 survivors (8192K)
 Metaspace       used 136741K, committed 139200K, reserved 1179648K
  class space    used 18012K, committed 19264K, reserved 1048576K
}
Event: 423.804 GC heap before
{Heap before GC invocations=49 (full 0):
 garbage-first heap   total 301056K, used 274944K [0x0000000080000000, 0x0000000100000000)
  region size 1024K, 93 young (95232K), 8 survivors (8192K)
 Metaspace       used 143835K, committed 146368K, reserved 1179648K
  class space    used 18736K, committed 20032K, reserved 1048576K
}
Event: 424.038 GC heap after
{Heap after GC invocations=50 (full 0):
 garbage-first heap   total 301056K, used 191778K [0x0000000080000000, 0x0000000100000000)
  region size 1024K, 4 young (4096K), 4 survivors (4096K)
 Metaspace       used 143835K, committed 146368K, reserved 1179648K
  class space    used 18736K, committed 20032K, reserved 1048576K
}
Event: 429.914 GC heap before
{Heap before GC invocations=50 (full 0):
 garbage-first heap   total 301056K, used 278818K [0x0000000080000000, 0x0000000100000000)
  region size 1024K, 88 young (90112K), 4 survivors (4096K)
 Metaspace       used 148363K, committed 150912K, reserved 1245184K
  class space    used 19143K, committed 20416K, reserved 1048576K
}
Event: 429.965 GC heap after
{Heap after GC invocations=51 (full 0):
 garbage-first heap   total 301056K, used 198344K [0x0000000080000000, 0x0000000100000000)
  region size 1024K, 11 young (11264K), 11 survivors (11264K)
 Metaspace       used 148363K, committed 150912K, reserved 1245184K
  class space    used 19143K, committed 20416K, reserved 1048576K
}
Event: 432.046 GC heap before
{Heap before GC invocations=51 (full 0):
 garbage-first heap   total 301056K, used 273096K [0x0000000080000000, 0x0000000100000000)
  region size 1024K, 84 young (86016K), 11 survivors (11264K)
 Metaspace       used 150686K, committed 153216K, reserved 1245184K
  class space    used 19388K, committed 20672K, reserved 1048576K
}
Event: 432.078 GC heap after
{Heap after GC invocations=52 (full 0):
 garbage-first heap   total 301056K, used 207063K [0x0000000080000000, 0x0000000100000000)
  region size 1024K, 9 young (9216K), 9 survivors (9216K)
 Metaspace       used 150686K, committed 153216K, reserved 1245184K
  class space    used 19388K, committed 20672K, reserved 1048576K
}
Event: 1869.258 GC heap before
{Heap before GC invocations=53 (full 0):
 garbage-first heap   total 347136K, used 271575K [0x0000000080000000, 0x0000000100000000)
  region size 1024K, 73 young (74752K), 9 survivors (9216K)
 Metaspace       used 152772K, committed 155328K, reserved 1245184K
  class space    used 19620K, committed 20928K, reserved 1048576K
}
Event: 1869.591 GC heap after
{Heap after GC invocations=54 (full 0):
 garbage-first heap   total 347136K, used 208896K [0x0000000080000000, 0x0000000100000000)
  region size 1024K, 3 young (3072K), 3 survivors (3072K)
 Metaspace       used 152772K, committed 155328K, reserved 1245184K
  class space    used 19620K, committed 20928K, reserved 1048576K
}

