# JRE version: OpenJDK Runtime Environment (21.0.5) (build 21.0.5+-12932927-b750.29)
# Java VM: OpenJDK 64-Bit Server VM (21.0.5+-12932927-b750.29, mixed mode, tiered, compressed oops, compressed class ptrs, g1 gc, windows-amd64)
GC Precious Log:
 CardTable entry size: 512
 Card Set container configuration: InlinePtr #cards 5 size 8 Array Of Cards #cards 12 size 40 Howl #buckets 4 coarsen threshold 1843 Howl Bitmap #cards 512 size 80 coarsen threshold 460 Card regions per heap region 1 cards per card region 2048
 CPUs: 4 total, 4 available
 Memory: 7914M
 Large Page Support: Disabled
 NUMA Support: Disabled
 Compressed Oops: Enabled (32-bit)
 Heap Region Size: 1M
 Heap Min Capacity: 8M
 Heap Initial Capacity: 124M
 Heap Max Capacity: 2G
 Pre-touch: Disabled
 Parallel Workers: 4
 Concurrent Workers: 1
 Concurrent Refinement Workers: 4
 Periodic GC: Disabled
Heap:
 garbage-first heap   total 71680K, used 48712K [0x0000000080000000, 0x0000000100000000)
  region size 1024K, 5 young (5120K), 3 survivors (3072K)
 Metaspace       used 66658K, committed 68288K, reserved 1114112K
  class space    used 9058K, committed 9856K, reserved 1048576K
GC Heap History (20 events):
Event: 8.710 GC heap before
{Heap before GC invocations=10 (full 0):
 garbage-first heap   total 71680K, used 61173K [0x0000000080000000, 0x0000000100000000)
  region size 1024K, 37 young (37888K), 3 survivors (3072K)
 Metaspace       used 45711K, committed 46912K, reserved 1114112K
  class space    used 6066K, committed 6656K, reserved 1048576K
}
Event: 8.719 GC heap after
{Heap after GC invocations=11 (full 0):
 garbage-first heap   total 71680K, used 31192K [0x0000000080000000, 0x0000000100000000)
  region size 1024K, 5 young (5120K), 5 survivors (5120K)
 Metaspace       used 45711K, committed 46912K, reserved 1114112K
  class space    used 6066K, committed 6656K, reserved 1048576K
}
Event: 9.525 GC heap before
{Heap before GC invocations=11 (full 0):
 garbage-first heap   total 71680K, used 60888K [0x0000000080000000, 0x0000000100000000)
  region size 1024K, 34 young (34816K), 5 survivors (5120K)
 Metaspace       used 46743K, committed 48000K, reserved 1114112K
  class space    used 6229K, committed 6848K, reserved 1048576K
}
Event: 9.532 GC heap after
{Heap after GC invocations=12 (full 0):
 garbage-first heap   total 71680K, used 33403K [0x0000000080000000, 0x0000000100000000)
  region size 1024K, 2 young (2048K), 2 survivors (2048K)
 Metaspace       used 46743K, committed 48000K, reserved 1114112K
  class space    used 6229K, committed 6848K, reserved 1048576K
}
Event: 10.171 GC heap before
{Heap before GC invocations=12 (full 0):
 garbage-first heap   total 71680K, used 61051K [0x0000000080000000, 0x0000000100000000)
  region size 1024K, 30 young (30720K), 2 survivors (2048K)
 Metaspace       used 49431K, committed 50752K, reserved 1114112K
  class space    used 6656K, committed 7296K, reserved 1048576K
}
Event: 10.176 GC heap after
{Heap after GC invocations=13 (full 0):
 garbage-first heap   total 71680K, used 35233K [0x0000000080000000, 0x0000000100000000)
  region size 1024K, 4 young (4096K), 4 survivors (4096K)
 Metaspace       used 49431K, committed 50752K, reserved 1114112K
  class space    used 6656K, committed 7296K, reserved 1048576K
}
Event: 10.701 GC heap before
{Heap before GC invocations=13 (full 0):
 garbage-first heap   total 71680K, used 56737K [0x0000000080000000, 0x0000000100000000)
  region size 1024K, 27 young (27648K), 4 survivors (4096K)
 Metaspace       used 52395K, committed 53760K, reserved 1114112K
  class space    used 7138K, committed 7808K, reserved 1048576K
}
Event: 10.706 GC heap after
{Heap after GC invocations=14 (full 0):
 garbage-first heap   total 71680K, used 36975K [0x0000000080000000, 0x0000000100000000)
  region size 1024K, 4 young (4096K), 4 survivors (4096K)
 Metaspace       used 52395K, committed 53760K, reserved 1114112K
  class space    used 7138K, committed 7808K, reserved 1048576K
}
Event: 11.155 GC heap before
{Heap before GC invocations=15 (full 0):
 garbage-first heap   total 71680K, used 64623K [0x0000000080000000, 0x0000000100000000)
  region size 1024K, 29 young (29696K), 4 survivors (4096K)
 Metaspace       used 56644K, committed 58048K, reserved 1114112K
  class space    used 7618K, committed 8320K, reserved 1048576K
}
Event: 11.159 GC heap after
{Heap after GC invocations=16 (full 0):
 garbage-first heap   total 71680K, used 37366K [0x0000000080000000, 0x0000000100000000)
  region size 1024K, 2 young (2048K), 2 survivors (2048K)
 Metaspace       used 56644K, committed 58048K, reserved 1114112K
  class space    used 7618K, committed 8320K, reserved 1048576K
}
Event: 11.905 GC heap before
{Heap before GC invocations=16 (full 0):
 garbage-first heap   total 71680K, used 65014K [0x0000000080000000, 0x0000000100000000)
  region size 1024K, 29 young (29696K), 2 survivors (2048K)
 Metaspace       used 60618K, committed 62208K, reserved 1114112K
  class space    used 8211K, committed 9024K, reserved 1048576K
}
Event: 11.911 GC heap after
{Heap after GC invocations=17 (full 0):
 garbage-first heap   total 71680K, used 39105K [0x0000000080000000, 0x0000000100000000)
  region size 1024K, 4 young (4096K), 4 survivors (4096K)
 Metaspace       used 60618K, committed 62208K, reserved 1114112K
  class space    used 8211K, committed 9024K, reserved 1048576K
}
Event: 12.969 GC heap before
{Heap before GC invocations=17 (full 0):
 garbage-first heap   total 71680K, used 61633K [0x0000000080000000, 0x0000000100000000)
  region size 1024K, 27 young (27648K), 4 survivors (4096K)
 Metaspace       used 63445K, committed 65088K, reserved 1114112K
  class space    used 8683K, committed 9472K, reserved 1048576K
}
Event: 12.974 GC heap after
{Heap after GC invocations=18 (full 0):
 garbage-first heap   total 71680K, used 40346K [0x0000000080000000, 0x0000000100000000)
  region size 1024K, 4 young (4096K), 4 survivors (4096K)
 Metaspace       used 63445K, committed 65088K, reserved 1114112K
  class space    used 8683K, committed 9472K, reserved 1048576K
}
Event: 13.822 GC heap before
{Heap before GC invocations=19 (full 0):
 garbage-first heap   total 71680K, used 61850K [0x0000000080000000, 0x0000000100000000)
  region size 1024K, 25 young (25600K), 4 survivors (4096K)
 Metaspace       used 65435K, committed 67072K, reserved 1114112K
  class space    used 8936K, committed 9728K, reserved 1048576K
}
Event: 13.829 GC heap after
{Heap after GC invocations=20 (full 0):
 garbage-first heap   total 71680K, used 43170K [0x0000000080000000, 0x0000000100000000)
  region size 1024K, 4 young (4096K), 4 survivors (4096K)
 Metaspace       used 65435K, committed 67072K, reserved 1114112K
  class space    used 8936K, committed 9728K, reserved 1048576K
}
Event: 14.442 GC heap before
{Heap before GC invocations=20 (full 0):
 garbage-first heap   total 71680K, used 61602K [0x0000000080000000, 0x0000000100000000)
  region size 1024K, 23 young (23552K), 4 survivors (4096K)
 Metaspace       used 66248K, committed 67840K, reserved 1114112K
  class space    used 9030K, committed 9792K, reserved 1048576K
}
Event: 14.452 GC heap after
{Heap after GC invocations=21 (full 0):
 garbage-first heap   total 71680K, used 45627K [0x0000000080000000, 0x0000000100000000)
  region size 1024K, 3 young (3072K), 3 survivors (3072K)
 Metaspace       used 66248K, committed 67840K, reserved 1114112K
  class space    used 9030K, committed 9792K, reserved 1048576K
}
Event: 14.892 GC heap before
{Heap before GC invocations=21 (full 0):
 garbage-first heap   total 71680K, used 63035K [0x0000000080000000, 0x0000000100000000)
  region size 1024K, 21 young (21504K), 3 survivors (3072K)
 Metaspace       used 66605K, committed 68224K, reserved 1114112K
  class space    used 9048K, committed 9856K, reserved 1048576K
}
Event: 14.899 GC heap after
{Heap after GC invocations=22 (full 0):
 garbage-first heap   total 71680K, used 47688K [0x0000000080000000, 0x0000000100000000)
  region size 1024K, 3 young (3072K), 3 survivors (3072K)
 Metaspace       used 66605K, committed 68224K, reserved 1114112K
  class space    used 9048K, committed 9856K, reserved 1048576K
}

