# JRE version: OpenJDK Runtime Environment (21.0.5) (build 21.0.5+-12932927-b750.29)
# Java VM: OpenJDK 64-Bit Server VM (21.0.5+-12932927-b750.29, mixed mode, tiered, compressed oops, compressed class ptrs, g1 gc, windows-amd64)
GC Precious Log:
 CardTable entry size: 512
 Card Set container configuration: InlinePtr #cards 5 size 8 Array Of Cards #cards 12 size 40 Howl #buckets 4 coarsen threshold 1843 Howl Bitmap #cards 512 size 80 coarsen threshold 460 Card regions per heap region 1 cards per card region 2048
 CPUs: 4 total, 4 available
 Memory: 7914M
 Large Page Support: Disabled
 NUMA Support: Disabled
 Compressed Oops: Enabled (32-bit)
 Heap Region Size: 1M
 Heap Min Capacity: 8M
 Heap Initial Capacity: 124M
 Heap Max Capacity: 2G
 Pre-touch: Disabled
 Parallel Workers: 4
 Concurrent Workers: 1
 Concurrent Refinement Workers: 4
 Periodic GC: Disabled
Heap:
 garbage-first heap   total 181248K, used 124928K [0x0000000080000000, 0x0000000100000000)
  region size 1024K, 8 young (8192K), 7 survivors (7168K)
 Metaspace       used 118857K, committed 121088K, reserved 1179648K
  class space    used 15934K, committed 17088K, reserved 1048576K
GC Heap History (20 events):
Event: 25.030 GC heap before
{Heap before GC invocations=38 (full 0):
 garbage-first heap   total 133120K, used 115842K [0x0000000080000000, 0x0000000100000000)
  region size 1024K, 36 young (36864K), 5 survivors (5120K)
 Metaspace       used 90394K, committed 92224K, reserved 1179648K
  class space    used 12018K, committed 12928K, reserved 1048576K
}
Event: 25.039 GC heap after
{Heap after GC invocations=39 (full 0):
 garbage-first heap   total 133120K, used 85297K [0x0000000080000000, 0x0000000100000000)
  region size 1024K, 4 young (4096K), 4 survivors (4096K)
 Metaspace       used 90394K, committed 92224K, reserved 1179648K
  class space    used 12018K, committed 12928K, reserved 1048576K
}
Event: 25.559 GC heap before
{Heap before GC invocations=39 (full 0):
 garbage-first heap   total 133120K, used 117041K [0x0000000080000000, 0x0000000100000000)
  region size 1024K, 35 young (35840K), 4 survivors (4096K)
 Metaspace       used 91417K, committed 93312K, reserved 1179648K
  class space    used 12167K, committed 13120K, reserved 1048576K
}
Event: 25.568 GC heap after
{Heap after GC invocations=40 (full 0):
 garbage-first heap   total 133120K, used 88325K [0x0000000080000000, 0x0000000100000000)
  region size 1024K, 5 young (5120K), 5 survivors (5120K)
 Metaspace       used 91417K, committed 93312K, reserved 1179648K
  class space    used 12167K, committed 13120K, reserved 1048576K
}
Event: 26.155 GC heap before
{Heap before GC invocations=41 (full 0):
 garbage-first heap   total 148480K, used 118021K [0x0000000080000000, 0x0000000100000000)
  region size 1024K, 34 young (34816K), 5 survivors (5120K)
 Metaspace       used 93882K, committed 95808K, reserved 1179648K
  class space    used 12494K, committed 13440K, reserved 1048576K
}
Event: 26.162 GC heap after
{Heap after GC invocations=42 (full 0):
 garbage-first heap   total 148480K, used 90384K [0x0000000080000000, 0x0000000100000000)
  region size 1024K, 2 young (2048K), 2 survivors (2048K)
 Metaspace       used 93882K, committed 95808K, reserved 1179648K
  class space    used 12494K, committed 13440K, reserved 1048576K
}
Event: 26.904 GC heap before
{Heap before GC invocations=42 (full 0):
 garbage-first heap   total 148480K, used 131344K [0x0000000080000000, 0x0000000100000000)
  region size 1024K, 41 young (41984K), 2 survivors (2048K)
 Metaspace       used 96963K, committed 98880K, reserved 1179648K
  class space    used 12991K, committed 13952K, reserved 1048576K
}
Event: 26.910 GC heap after
{Heap after GC invocations=43 (full 0):
 garbage-first heap   total 178176K, used 90567K [0x0000000080000000, 0x0000000100000000)
  region size 1024K, 3 young (3072K), 3 survivors (3072K)
 Metaspace       used 96963K, committed 98880K, reserved 1179648K
  class space    used 12991K, committed 13952K, reserved 1048576K
}
Event: 28.289 GC heap before
{Heap before GC invocations=43 (full 0):
 garbage-first heap   total 178176K, used 152007K [0x0000000080000000, 0x0000000100000000)
  region size 1024K, 63 young (64512K), 3 survivors (3072K)
 Metaspace       used 101530K, committed 103552K, reserved 1179648K
  class space    used 13726K, committed 14720K, reserved 1048576K
}
Event: 28.298 GC heap after
{Heap after GC invocations=44 (full 0):
 garbage-first heap   total 178176K, used 93144K [0x0000000080000000, 0x0000000100000000)
  region size 1024K, 5 young (5120K), 5 survivors (5120K)
 Metaspace       used 101530K, committed 103552K, reserved 1179648K
  class space    used 13726K, committed 14720K, reserved 1048576K
}
Event: 29.667 GC heap before
{Heap before GC invocations=44 (full 0):
 garbage-first heap   total 178176K, used 156632K [0x0000000080000000, 0x0000000100000000)
  region size 1024K, 67 young (68608K), 5 survivors (5120K)
 Metaspace       used 106665K, committed 108672K, reserved 1179648K
  class space    used 14479K, committed 15488K, reserved 1048576K
}
Event: 29.677 GC heap after
{Heap after GC invocations=45 (full 0):
 garbage-first heap   total 178176K, used 96457K [0x0000000080000000, 0x0000000100000000)
  region size 1024K, 7 young (7168K), 7 survivors (7168K)
 Metaspace       used 106665K, committed 108672K, reserved 1179648K
  class space    used 14479K, committed 15488K, reserved 1048576K
}
Event: 31.579 GC heap before
{Heap before GC invocations=45 (full 0):
 garbage-first heap   total 178176K, used 158921K [0x0000000080000000, 0x0000000100000000)
  region size 1024K, 68 young (69632K), 7 survivors (7168K)
 Metaspace       used 111485K, committed 113664K, reserved 1179648K
  class space    used 15133K, committed 16192K, reserved 1048576K
}
Event: 31.593 GC heap after
{Heap after GC invocations=46 (full 0):
 garbage-first heap   total 178176K, used 101126K [0x0000000080000000, 0x0000000100000000)
  region size 1024K, 8 young (8192K), 8 survivors (8192K)
 Metaspace       used 111485K, committed 113664K, reserved 1179648K
  class space    used 15133K, committed 16192K, reserved 1048576K
}
Event: 34.368 GC heap before
{Heap before GC invocations=47 (full 0):
 garbage-first heap   total 178176K, used 163590K [0x0000000080000000, 0x0000000100000000)
  region size 1024K, 65 young (66560K), 8 survivors (8192K)
 Metaspace       used 115825K, committed 117952K, reserved 1179648K
  class space    used 15589K, committed 16640K, reserved 1048576K
}
Event: 34.393 GC heap after
{Heap after GC invocations=48 (full 0):
 garbage-first heap   total 181248K, used 108681K [0x0000000080000000, 0x0000000100000000)
  region size 1024K, 9 young (9216K), 9 survivors (9216K)
 Metaspace       used 115825K, committed 117952K, reserved 1179648K
  class space    used 15589K, committed 16640K, reserved 1048576K
}
Event: 37.391 GC heap before
{Heap before GC invocations=48 (full 0):
 garbage-first heap   total 181248K, used 159881K [0x0000000080000000, 0x0000000100000000)
  region size 1024K, 60 young (61440K), 9 survivors (9216K)
 Metaspace       used 118028K, committed 120320K, reserved 1179648K
  class space    used 15870K, committed 17024K, reserved 1048576K
}
Event: 37.408 GC heap after
{Heap after GC invocations=49 (full 0):
 garbage-first heap   total 181248K, used 113826K [0x0000000080000000, 0x0000000100000000)
  region size 1024K, 6 young (6144K), 6 survivors (6144K)
 Metaspace       used 118028K, committed 120320K, reserved 1179648K
  class space    used 15870K, committed 17024K, reserved 1048576K
}
Event: 40.924 GC heap before
{Heap before GC invocations=49 (full 0):
 garbage-first heap   total 181248K, used 162978K [0x0000000080000000, 0x0000000100000000)
  region size 1024K, 55 young (56320K), 6 survivors (6144K)
 Metaspace       used 118852K, committed 121088K, reserved 1179648K
  class space    used 15934K, committed 17088K, reserved 1048576K
}
Event: 40.941 GC heap after
{Heap after GC invocations=50 (full 0):
 garbage-first heap   total 181248K, used 124928K [0x0000000080000000, 0x0000000100000000)
  region size 1024K, 7 young (7168K), 7 survivors (7168K)
 Metaspace       used 118852K, committed 121088K, reserved 1179648K
  class space    used 15934K, committed 17088K, reserved 1048576K
}

