# JRE version: OpenJDK Runtime Environment (21.0.5) (build 21.0.5+-12932927-b750.29)
# Java VM: OpenJDK 64-Bit Server VM (21.0.5+-12932927-b750.29, mixed mode, tiered, compressed oops, compressed class ptrs, g1 gc, windows-amd64)
GC Precious Log:
 CardTable entry size: 512
 Card Set container configuration: InlinePtr #cards 5 size 8 Array Of Cards #cards 12 size 40 Howl #buckets 4 coarsen threshold 1843 Howl Bitmap #cards 512 size 80 coarsen threshold 460 Card regions per heap region 1 cards per card region 2048
 CPUs: 4 total, 4 available
 Memory: 7914M
 Large Page Support: Disabled
 NUMA Support: Disabled
 Compressed Oops: Enabled (32-bit)
 Heap Region Size: 1M
 Heap Min Capacity: 8M
 Heap Initial Capacity: 124M
 Heap Max Capacity: 2G
 Pre-touch: Disabled
 Parallel Workers: 4
 Concurrent Workers: 1
 Concurrent Refinement Workers: 4
 Periodic GC: Disabled
Heap:
 garbage-first heap   total 424960K, used 277237K [0x0000000080000000, 0x0000000100000000)
  region size 1024K, 16 young (16384K), 3 survivors (3072K)
 Metaspace       used 238647K, committed 241792K, reserved 1310720K
  class space    used 29732K, committed 31296K, reserved 1048576K
GC Heap History (20 events):
Event: 45.876 GC heap before
{Heap before GC invocations=61 (full 0):
 garbage-first heap   total 416768K, used 343377K [0x0000000080000000, 0x0000000100000000)
  region size 1024K, 100 young (102400K), 9 survivors (9216K)
 Metaspace       used 206340K, committed 209280K, reserved 1245184K
  class space    used 26123K, committed 27584K, reserved 1048576K
}
Event: 45.894 GC heap after
{Heap after GC invocations=62 (full 0):
 garbage-first heap   total 416768K, used 244930K [0x0000000080000000, 0x0000000100000000)
  region size 1024K, 8 young (8192K), 8 survivors (8192K)
 Metaspace       used 206340K, committed 209280K, reserved 1245184K
  class space    used 26123K, committed 27584K, reserved 1048576K
}
Event: 49.304 GC heap before
{Heap before GC invocations=62 (full 0):
 garbage-first heap   total 416768K, used 377026K [0x0000000080000000, 0x0000000100000000)
  region size 1024K, 135 young (138240K), 8 survivors (8192K)
 Metaspace       used 211866K, committed 214848K, reserved 1245184K
  class space    used 26928K, committed 28416K, reserved 1048576K
}
Event: 49.316 GC heap after
{Heap after GC invocations=63 (full 0):
 garbage-first heap   total 416768K, used 248330K [0x0000000080000000, 0x0000000100000000)
  region size 1024K, 11 young (11264K), 11 survivors (11264K)
 Metaspace       used 211866K, committed 214848K, reserved 1245184K
  class space    used 26928K, committed 28416K, reserved 1048576K
}
Event: 50.050 GC heap before
{Heap before GC invocations=63 (full 0):
 garbage-first heap   total 416768K, used 385546K [0x0000000080000000, 0x0000000100000000)
  region size 1024K, 143 young (146432K), 11 survivors (11264K)
 Metaspace       used 212385K, committed 215296K, reserved 1245184K
  class space    used 26958K, committed 28416K, reserved 1048576K
}
Event: 50.063 GC heap after
{Heap after GC invocations=64 (full 0):
 garbage-first heap   total 416768K, used 238474K [0x0000000080000000, 0x0000000100000000)
  region size 1024K, 10 young (10240K), 10 survivors (10240K)
 Metaspace       used 212385K, committed 215296K, reserved 1245184K
  class space    used 26958K, committed 28416K, reserved 1048576K
}
Event: 50.821 GC heap before
{Heap before GC invocations=64 (full 0):
 garbage-first heap   total 416768K, used 384906K [0x0000000080000000, 0x0000000100000000)
  region size 1024K, 153 young (156672K), 10 survivors (10240K)
 Metaspace       used 212406K, committed 215360K, reserved 1245184K
  class space    used 26959K, committed 28416K, reserved 1048576K
}
Event: 50.831 GC heap after
{Heap after GC invocations=65 (full 0):
 garbage-first heap   total 416768K, used 238551K [0x0000000080000000, 0x0000000100000000)
  region size 1024K, 10 young (10240K), 10 survivors (10240K)
 Metaspace       used 212406K, committed 215360K, reserved 1245184K
  class space    used 26959K, committed 28416K, reserved 1048576K
}
Event: 54.244 GC heap before
{Heap before GC invocations=66 (full 0):
 garbage-first heap   total 416768K, used 384983K [0x0000000080000000, 0x0000000100000000)
  region size 1024K, 153 young (156672K), 10 survivors (10240K)
 Metaspace       used 215816K, committed 218816K, reserved 1245184K
  class space    used 27329K, committed 28864K, reserved 1048576K
}
Event: 54.261 GC heap after
{Heap after GC invocations=67 (full 0):
 garbage-first heap   total 416768K, used 240087K [0x0000000080000000, 0x0000000100000000)
  region size 1024K, 14 young (14336K), 14 survivors (14336K)
 Metaspace       used 215816K, committed 218816K, reserved 1245184K
  class space    used 27329K, committed 28864K, reserved 1048576K
}
Event: 65.355 GC heap before
{Heap before GC invocations=67 (full 0):
 garbage-first heap   total 416768K, used 379351K [0x0000000080000000, 0x0000000100000000)
  region size 1024K, 151 young (154624K), 14 survivors (14336K)
 Metaspace       used 221536K, committed 224576K, reserved 1245184K
  class space    used 27961K, committed 29504K, reserved 1048576K
}
Event: 65.383 GC heap after
{Heap after GC invocations=68 (full 0):
 garbage-first heap   total 416768K, used 245760K [0x0000000080000000, 0x0000000100000000)
  region size 1024K, 19 young (19456K), 19 survivors (19456K)
 Metaspace       used 221536K, committed 224576K, reserved 1245184K
  class space    used 27961K, committed 29504K, reserved 1048576K
}
Event: 159.966 GC heap before
{Heap before GC invocations=68 (full 0):
 garbage-first heap   total 416768K, used 374784K [0x0000000080000000, 0x0000000100000000)
  region size 1024K, 146 young (149504K), 19 survivors (19456K)
 Metaspace       used 228667K, committed 231744K, reserved 1310720K
  class space    used 28652K, committed 30208K, reserved 1048576K
}
Event: 160.028 GC heap after
{Heap after GC invocations=69 (full 0):
 garbage-first heap   total 416768K, used 253952K [0x0000000080000000, 0x0000000100000000)
  region size 1024K, 9 young (9216K), 9 survivors (9216K)
 Metaspace       used 228667K, committed 231744K, reserved 1310720K
  class space    used 28652K, committed 30208K, reserved 1048576K
}
Event: 165.122 GC heap before
{Heap before GC invocations=70 (full 0):
 garbage-first heap   total 424960K, used 382976K [0x0000000080000000, 0x0000000100000000)
  region size 1024K, 136 young (139264K), 9 survivors (9216K)
 Metaspace       used 233153K, committed 236352K, reserved 1310720K
  class space    used 29240K, committed 30848K, reserved 1048576K
}
Event: 165.144 GC heap after
{Heap after GC invocations=71 (full 0):
 garbage-first heap   total 424960K, used 264704K [0x0000000080000000, 0x0000000100000000)
  region size 1024K, 17 young (17408K), 17 survivors (17408K)
 Metaspace       used 233153K, committed 236352K, reserved 1310720K
  class space    used 29240K, committed 30848K, reserved 1048576K
}
Event: 168.508 GC heap before
{Heap before GC invocations=71 (full 0):
 garbage-first heap   total 424960K, used 390656K [0x0000000080000000, 0x0000000100000000)
  region size 1024K, 134 young (137216K), 17 survivors (17408K)
 Metaspace       used 237451K, committed 240640K, reserved 1310720K
  class space    used 29609K, committed 31232K, reserved 1048576K
}
Event: 168.538 GC heap after
{Heap after GC invocations=72 (full 0):
 garbage-first heap   total 424960K, used 266240K [0x0000000080000000, 0x0000000100000000)
  region size 1024K, 6 young (6144K), 6 survivors (6144K)
 Metaspace       used 237451K, committed 240640K, reserved 1310720K
  class space    used 29609K, committed 31232K, reserved 1048576K
}
Event: 169.097 GC heap before
{Heap before GC invocations=72 (full 0):
 garbage-first heap   total 424960K, used 309248K [0x0000000080000000, 0x0000000100000000)
  region size 1024K, 50 young (51200K), 6 survivors (6144K)
 Metaspace       used 237920K, committed 241088K, reserved 1310720K
  class space    used 29650K, committed 31232K, reserved 1048576K
}
Event: 169.102 GC heap after
{Heap after GC invocations=73 (full 0):
 garbage-first heap   total 424960K, used 262901K [0x0000000080000000, 0x0000000100000000)
  region size 1024K, 3 young (3072K), 3 survivors (3072K)
 Metaspace       used 237920K, committed 241088K, reserved 1310720K
  class space    used 29650K, committed 31232K, reserved 1048576K
}

